<?xml version="1.0" encoding="UTF-8"?>
<coverage generated="1504864731321" clover="3.2.0">
  <project timestamp="1504864731321" name="All files">
    <metrics statements="2" coveredstatements="2" conditionals="0" coveredconditionals="0" methods="1" coveredmethods="1" elements="3" coveredelements="3" complexity="0" loc="2" ncloc="2" packages="1" files="1" classes="1">
      <file name="isNumber.js" path="/Users/yuchenshen/study/my-koa/front/myLodash/src/lang/isNumber.js">
        <metrics statements="2" coveredstatements="2" conditionals="0" coveredconditionals="0" methods="1" coveredmethods="1"/>
        <line num="1" count="1" type="stmt"/>
        <line num="2" count="3" type="stmt"/>
      </file>
    </metrics>
  </project>
</coverage>
