{"/Users/yuchenshen/study/my-koa/front/myLodash/src/lang/isArray.js": {"path":"/Users/yuchenshen/study/my-koa/front/myLodash/src/lang/isArray.js","statementMap":{},"fnMap":{},"branchMap":{},"s":{},"f":{},"b":{},"_coverageSchema":"332fd63041d2c1bcb487cc26dd0d5f7d97098a6c","hash":"ef5586a015342e6bc7fbad45e75d42b090c644a0"}
,"/Users/yuchenshen/study/my-koa/front/myLodash/src/lang/isNumber.js": {"path":"/Users/yuchenshen/study/my-koa/front/myLodash/src/lang/isNumber.js","statementMap":{"0":{"start":{"line":1,"column":17},"end":{"line":3,"column":1}},"1":{"start":{"line":2,"column":2},"end":{"line":2,"column":34}}},"fnMap":{"0":{"name":"(anonymous_0)","decl":{"start":{"line":1,"column":17},"end":{"line":1,"column":18}},"loc":{"start":{"line":1,"column":28},"end":{"line":3,"column":1}},"line":1}},"branchMap":{},"s":{"0":1,"1":3},"f":{"0":3},"b":{},"_coverageSchema":"332fd63041d2c1bcb487cc26dd0d5f7d97098a6c","hash":"a9489e964aa6b7ad560d72afbc5fc13edc817b91"}
}
